This file contains any messages produced by compilers while
running configure, to aid debugging if configure makes a mistake.

It was created by mu configure 0.9.9.5, which was
generated by GNU Autoconf 2.69.  Invocation command line was

  $ ./configure 

## --------- ##
## Platform. ##
## --------- ##

hostname = nathan.local
uname -m = x86_64
uname -r = 14.1.0
uname -s = Darwin
uname -v = Darwin Kernel Version 14.1.0: Thu Feb 26 19:26:47 PST 2015; root:xnu-2782.10.73~1/RELEASE_X86_64

/usr/bin/uname -p = i386
/bin/uname -X     = unknown

/bin/arch              = unknown
/usr/bin/arch -k       = unknown
/usr/convex/getsysinfo = unknown
/usr/bin/hostinfo      = Mach kernel version:
	 Darwin Kernel Version 14.1.0: Thu Feb 26 19:26:47 PST 2015; root:xnu-2782.10.73~1/RELEASE_X86_64
Kernel configured for up to 4 processors.
2 processors are physically available.
4 processors are logically available.
Processor type: i486 (Intel 80486)
Processors active: 0 1 2 3
Primary memory available: 8.00 gigabytes
Default processor set: 234 tasks, 1078 threads, 4 processors
Load average: 1.48, Mach factor: 2.72
/bin/machine           = unknown
/usr/bin/oslevel       = unknown
/bin/universe          = unknown

PATH: /Users/nathan/.rvm/gems/ruby-2.1.2/bin
PATH: /Users/nathan/.rvm/gems/ruby-2.1.2@global/bin
PATH: /Users/nathan/.rvm/rubies/ruby-2.1.2/bin
PATH: /usr/local/opt/php55/bin
PATH: /usr/local/bin
PATH: /Users/nathan/.rvm/rubies/ruby-2.1.1/bin/rails
PATH: /usr/local/sbin
PATH: /usr/local/opt/php55/bin
PATH: /usr/local/opt/php55/bin
PATH: /opt/local/bin
PATH: /opt/local/sbin
PATH: /Users/nathan/bin
PATH: /usr/local/bin
PATH: /usr/local/mysql/bin
PATH: /usr/local/bin
PATH: /usr/bin
PATH: /bin
PATH: /usr/sbin
PATH: /sbin
PATH: /opt/X11/bin
PATH: /Users/nathan/.composer/vendor/bin
PATH: /usr/local/bin
PATH: /Users/nathan/.rvm/bin


## ----------- ##
## Core tests. ##
## ----------- ##

configure:2547: checking for a BSD-compatible install
configure:2615: result: /usr/bin/install -c
configure:2626: checking whether build environment is sane
configure:2681: result: yes
configure:2832: checking for a thread-safe mkdir -p
configure:2871: result: ./install-sh -c -d
configure:2878: checking for gawk
configure:2908: result: no
configure:2878: checking for mawk
configure:2908: result: no
configure:2878: checking for nawk
configure:2908: result: no
configure:2878: checking for awk
configure:2894: found /usr/bin/awk
configure:2905: result: awk
configure:2916: checking whether make sets $(MAKE)
configure:2938: result: yes
configure:3037: checking whether make supports nested variables
configure:3054: result: yes
configure:3131: checking for g++
configure:3147: found /usr/bin/g++
configure:3158: result: g++
configure:3185: checking for C++ compiler version
configure:3194: g++ --version >&5
Apple LLVM version 6.0 (clang-600.0.57) (based on LLVM 3.5svn)
Target: x86_64-apple-darwin14.1.0
Thread model: posix
Configured with: --prefix=/Applications/Xcode.app/Contents/Developer/usr --with-gxx-include-dir=/usr/include/c++/4.2.1
configure:3205: $? = 0
configure:3194: g++ -v >&5
Configured with: --prefix=/Applications/Xcode.app/Contents/Developer/usr --with-gxx-include-dir=/usr/include/c++/4.2.1
Apple LLVM version 6.0 (clang-600.0.57) (based on LLVM 3.5svn)
Target: x86_64-apple-darwin14.1.0
Thread model: posix
configure:3205: $? = 0
configure:3194: g++ -V >&5
clang: error: argument to '-V' is missing (expected 1 value)
clang: error: no input files
configure:3205: $? = 1
configure:3194: g++ -qversion >&5
clang: error: unknown argument: '-qversion'
clang: error: no input files
configure:3205: $? = 1
configure:3225: checking whether the C++ compiler works
configure:3247: g++    conftest.cpp  >&5
configure:3251: $? = 0
configure:3299: result: yes
configure:3302: checking for C++ compiler default output file name
configure:3304: result: a.out
configure:3310: checking for suffix of executables
configure:3317: g++ -o conftest    conftest.cpp  >&5
configure:3321: $? = 0
configure:3343: result: 
configure:3365: checking whether we are cross compiling
configure:3373: g++ -o conftest    conftest.cpp  >&5
configure:3377: $? = 0
configure:3384: ./conftest
configure:3388: $? = 0
configure:3403: result: no
configure:3408: checking for suffix of object files
configure:3430: g++ -c   conftest.cpp >&5
configure:3434: $? = 0
configure:3455: result: o
configure:3459: checking whether we are using the GNU C++ compiler
configure:3478: g++ -c   conftest.cpp >&5
configure:3478: $? = 0
configure:3487: result: yes
configure:3496: checking whether g++ accepts -g
configure:3516: g++ -c -g  conftest.cpp >&5
configure:3516: $? = 0
configure:3557: result: yes
configure:3591: checking for style of include used by make
configure:3619: result: GNU
configure:3645: checking dependency style of g++
configure:3756: result: gcc3
configure:3819: checking for gcc
configure:3835: found /usr/bin/gcc
configure:3846: result: gcc
configure:4075: checking for C compiler version
configure:4084: gcc --version >&5
Apple LLVM version 6.0 (clang-600.0.57) (based on LLVM 3.5svn)
Target: x86_64-apple-darwin14.1.0
Thread model: posix
Configured with: --prefix=/Applications/Xcode.app/Contents/Developer/usr --with-gxx-include-dir=/usr/include/c++/4.2.1
configure:4095: $? = 0
configure:4084: gcc -v >&5
Configured with: --prefix=/Applications/Xcode.app/Contents/Developer/usr --with-gxx-include-dir=/usr/include/c++/4.2.1
Apple LLVM version 6.0 (clang-600.0.57) (based on LLVM 3.5svn)
Target: x86_64-apple-darwin14.1.0
Thread model: posix
configure:4095: $? = 0
configure:4084: gcc -V >&5
clang: error: argument to '-V' is missing (expected 1 value)
clang: error: no input files
configure:4095: $? = 1
configure:4084: gcc -qversion >&5
clang: error: unknown argument: '-qversion'
clang: error: no input files
configure:4095: $? = 1
configure:4099: checking whether we are using the GNU C compiler
configure:4118: gcc -c   conftest.c >&5
configure:4118: $? = 0
configure:4127: result: yes
configure:4136: checking whether gcc accepts -g
configure:4156: gcc -c -g  conftest.c >&5
configure:4156: $? = 0
configure:4197: result: yes
configure:4214: checking for gcc option to accept ISO C89
configure:4277: gcc  -c -g -O2  conftest.c >&5
configure:4277: $? = 0
configure:4290: result: none needed
configure:4312: checking dependency style of gcc
configure:4423: result: gcc3
configure:4442: checking for gcc option to accept ISO C99
configure:4591: gcc  -c -g -O2  conftest.c >&5
configure:4591: $? = 0
configure:4604: result: none needed
configure:4712: checking for gcc option to accept ISO Standard C
configure:4723: result: none needed
configure:4737: checking how to run the C preprocessor
configure:4768: gcc -E  conftest.c
configure:4768: $? = 0
configure:4782: gcc -E  conftest.c
conftest.c:11:10: fatal error: 'ac_nonexistent.h' file not found
#include <ac_nonexistent.h>
         ^
1 error generated.
configure:4782: $? = 1
configure: failed program was:
| /* confdefs.h */
| #define PACKAGE_NAME "mu"
| #define PACKAGE_TARNAME "mu"
| #define PACKAGE_VERSION "0.9.9.5"
| #define PACKAGE_STRING "mu 0.9.9.5"
| #define PACKAGE_BUGREPORT "http://code.google.com/p/mu0/issues/list"
| #define PACKAGE_URL ""
| #define PACKAGE "mu"
| #define VERSION "0.9.9.5"
| /* end confdefs.h.  */
| #include <ac_nonexistent.h>
configure:4807: result: gcc -E
configure:4827: gcc -E  conftest.c
configure:4827: $? = 0
configure:4841: gcc -E  conftest.c
conftest.c:11:10: fatal error: 'ac_nonexistent.h' file not found
#include <ac_nonexistent.h>
         ^
1 error generated.
configure:4841: $? = 1
configure: failed program was:
| /* confdefs.h */
| #define PACKAGE_NAME "mu"
| #define PACKAGE_TARNAME "mu"
| #define PACKAGE_VERSION "0.9.9.5"
| #define PACKAGE_STRING "mu 0.9.9.5"
| #define PACKAGE_BUGREPORT "http://code.google.com/p/mu0/issues/list"
| #define PACKAGE_URL ""
| #define PACKAGE "mu"
| #define VERSION "0.9.9.5"
| /* end confdefs.h.  */
| #include <ac_nonexistent.h>
configure:4870: checking for grep that handles long lines and -e
configure:4928: result: /usr/bin/grep
configure:4933: checking for egrep
configure:4995: result: /usr/bin/grep -E
configure:5000: checking for ANSI C header files
configure:5020: gcc -c -g -O2  conftest.c >&5
configure:5020: $? = 0
configure:5093: gcc -o conftest -g -O2   conftest.c  >&5
configure:5093: $? = 0
configure:5093: ./conftest
configure:5093: $? = 0
configure:5104: result: yes
configure:5144: checking build system type
configure:5158: result: x86_64-apple-darwin14.1.0
configure:5178: checking host system type
configure:5191: result: x86_64-apple-darwin14.1.0
configure:5232: checking how to print strings
configure:5259: result: printf
configure:5280: checking for a sed that does not truncate output
configure:5344: result: /usr/bin/sed
configure:5362: checking for fgrep
configure:5424: result: /usr/bin/grep -F
configure:5459: checking for ld used by gcc
configure:5526: result: /Applications/Xcode.app/Contents/Developer/Toolchains/XcodeDefault.xctoolchain/usr/bin/ld
configure:5533: checking if the linker (/Applications/Xcode.app/Contents/Developer/Toolchains/XcodeDefault.xctoolchain/usr/bin/ld) is GNU ld
configure:5548: result: no
configure:5560: checking for BSD- or MS-compatible name lister (nm)
configure:5609: result: /usr/bin/nm
configure:5739: checking the name lister (/usr/bin/nm) interface
configure:5746: gcc -c -g -O2  conftest.c >&5
configure:5749: /usr/bin/nm "conftest.o"
configure:5752: output
000000000000022c S _some_variable
configure:5759: result: BSD nm
configure:5762: checking whether ln -s works
configure:5766: result: yes
configure:5774: checking the maximum length of command line arguments
configure:5904: result: 196608
configure:5921: checking whether the shell understands some XSI constructs
configure:5931: result: yes
configure:5935: checking whether the shell understands "+="
configure:5941: result: yes
configure:5976: checking how to convert x86_64-apple-darwin14.1.0 file names to x86_64-apple-darwin14.1.0 format
configure:6016: result: func_convert_file_noop
configure:6023: checking how to convert x86_64-apple-darwin14.1.0 file names to toolchain format
configure:6043: result: func_convert_file_noop
configure:6050: checking for /Applications/Xcode.app/Contents/Developer/Toolchains/XcodeDefault.xctoolchain/usr/bin/ld option to reload object files
configure:6057: result: -r
configure:6131: checking for objdump
configure:6161: result: no
configure:6190: checking how to recognize dependent libraries
configure:6392: result: pass_all
configure:6477: checking for dlltool
configure:6507: result: no
configure:6537: checking how to associate runtime and link libraries
configure:6564: result: printf %s\n
configure:6624: checking for ar
configure:6640: found /usr/bin/ar
configure:6651: result: ar
configure:6688: checking for archiver @FILE support
configure:6705: gcc -c -g -O2  conftest.c >&5
configure:6705: $? = 0
configure:6708: ar cru libconftest.a @conftest.lst >&5
ar: @conftest.lst: No such file or directory
configure:6711: $? = 1
configure:6731: result: no
configure:6789: checking for strip
configure:6805: found /usr/bin/strip
configure:6816: result: strip
configure:6888: checking for ranlib
configure:6904: found /usr/bin/ranlib
configure:6915: result: ranlib
configure:7017: checking command to parse /usr/bin/nm output from gcc object
configure:7137: gcc -c -g -O2  conftest.c >&5
configure:7140: $? = 0
configure:7144: /usr/bin/nm conftest.o \| sed -n -e 's/^.*[ ]\([BCDEGRST][BCDEGRST]*\)[ ][ ]*\([_A-Za-z][_A-Za-z0-9]*\)$/\1 \2 \2/p' | sed '/ __gnu_lto/d' \> conftest.nm
configure:7147: $? = 0
cannot find nm_test_var in conftest.nm
configure:7137: gcc -c -g -O2  conftest.c >&5
configure:7140: $? = 0
configure:7144: /usr/bin/nm conftest.o \| sed -n -e 's/^.*[ ]\([BCDEGRST][BCDEGRST]*\)[ ][ ]*_\([_A-Za-z][_A-Za-z0-9]*\)$/\1 _\2 \2/p' | sed '/ __gnu_lto/d' \> conftest.nm
configure:7147: $? = 0
configure:7213: gcc -o conftest -g -O2   conftest.c conftstm.o >&5
configure:7216: $? = 0
configure:7254: result: ok
configure:7291: checking for sysroot
configure:7321: result: no
configure:7577: checking for mt
configure:7607: result: no
configure:7627: checking if : is a manifest tool
configure:7633: : '-?'
configure:7641: result: no
configure:7697: checking for dsymutil
configure:7713: found /usr/bin/dsymutil
configure:7724: result: dsymutil
configure:7789: checking for nmedit
configure:7805: found /usr/bin/nmedit
configure:7816: result: nmedit
configure:7881: checking for lipo
configure:7897: found /usr/bin/lipo
configure:7908: result: lipo
configure:7973: checking for otool
configure:7989: found /usr/bin/otool
configure:8000: result: otool
configure:8065: checking for otool64
configure:8095: result: no
configure:8140: checking for -single_module linker flag
gcc -g -O2  -o libconftest.dylib -dynamiclib -Wl,-single_module conftest.c
configure:8173: result: yes
configure:8176: checking for -exported_symbols_list linker flag
configure:8196: gcc -o conftest -g -O2   -Wl,-exported_symbols_list,conftest.sym conftest.c  >&5
configure:8196: $? = 0
configure:8206: result: yes
configure:8209: checking for -force_load linker flag
gcc -g -O2 -c -o conftest.o conftest.c
ar cru libconftest.a conftest.o
ranlib libconftest.a
gcc -g -O2  -o conftest conftest.c -Wl,-force_load,./libconftest.a
configure:8241: result: yes
configure:8283: checking for sys/types.h
configure:8283: gcc -c -g -O2  conftest.c >&5
configure:8283: $? = 0
configure:8283: result: yes
configure:8283: checking for sys/stat.h
configure:8283: gcc -c -g -O2  conftest.c >&5
configure:8283: $? = 0
configure:8283: result: yes
configure:8283: checking for stdlib.h
configure:8283: gcc -c -g -O2  conftest.c >&5
configure:8283: $? = 0
configure:8283: result: yes
configure:8283: checking for string.h
configure:8283: gcc -c -g -O2  conftest.c >&5
configure:8283: $? = 0
configure:8283: result: yes
configure:8283: checking for memory.h
configure:8283: gcc -c -g -O2  conftest.c >&5
configure:8283: $? = 0
configure:8283: result: yes
configure:8283: checking for strings.h
configure:8283: gcc -c -g -O2  conftest.c >&5
configure:8283: $? = 0
configure:8283: result: yes
configure:8283: checking for inttypes.h
configure:8283: gcc -c -g -O2  conftest.c >&5
configure:8283: $? = 0
configure:8283: result: yes
configure:8283: checking for stdint.h
configure:8283: gcc -c -g -O2  conftest.c >&5
configure:8283: $? = 0
configure:8283: result: yes
configure:8283: checking for unistd.h
configure:8283: gcc -c -g -O2  conftest.c >&5
configure:8283: $? = 0
configure:8283: result: yes
configure:8297: checking for dlfcn.h
configure:8297: gcc -c -g -O2  conftest.c >&5
configure:8297: $? = 0
configure:8297: result: yes
configure:8514: checking for objdir
configure:8529: result: .libs
configure:8800: checking if gcc supports -fno-rtti -fno-exceptions
configure:8818: gcc -c -g -O2  -fno-rtti -fno-exceptions conftest.c >&5
configure:8822: $? = 0
configure:8835: result: yes
configure:9162: checking for gcc option to produce PIC
configure:9169: result: -fno-common -DPIC
configure:9177: checking if gcc PIC flag -fno-common -DPIC works
configure:9195: gcc -c -g -O2  -fno-common -DPIC -DPIC conftest.c >&5
configure:9199: $? = 0
configure:9212: result: yes
configure:9241: checking if gcc static flag -static works
configure:9269: result: no
configure:9284: checking if gcc supports -c -o file.o
configure:9305: gcc -c -g -O2  -o out/conftest2.o conftest.c >&5
configure:9309: $? = 0
configure:9331: result: yes
configure:9339: checking if gcc supports -c -o file.o
configure:9386: result: yes
configure:9419: checking whether the gcc linker (/Applications/Xcode.app/Contents/Developer/Toolchains/XcodeDefault.xctoolchain/usr/bin/ld) supports shared libraries
configure:10576: result: yes
configure:10816: checking dynamic linker characteristics
configure:11561: result: darwin14.1.0 dyld
configure:11668: checking how to hardcode library paths into programs
configure:11693: result: immediate
configure:12233: checking whether stripping libraries is possible
configure:12247: result: yes
configure:12273: checking if libtool supports shared libraries
configure:12275: result: yes
configure:12278: checking whether to build shared libraries
configure:12299: result: yes
configure:12302: checking whether to build static libraries
configure:12306: result: yes
configure:12329: checking how to run the C++ preprocessor
configure:12356: g++ -E  conftest.cpp
configure:12356: $? = 0
configure:12370: g++ -E  conftest.cpp
conftest.cpp:23:10: fatal error: 'ac_nonexistent.h' file not found
#include <ac_nonexistent.h>
         ^
1 error generated.
configure:12370: $? = 1
configure: failed program was:
| /* confdefs.h */
| #define PACKAGE_NAME "mu"
| #define PACKAGE_TARNAME "mu"
| #define PACKAGE_VERSION "0.9.9.5"
| #define PACKAGE_STRING "mu 0.9.9.5"
| #define PACKAGE_BUGREPORT "http://code.google.com/p/mu0/issues/list"
| #define PACKAGE_URL ""
| #define PACKAGE "mu"
| #define VERSION "0.9.9.5"
| #define STDC_HEADERS 1
| #define HAVE_SYS_TYPES_H 1
| #define HAVE_SYS_STAT_H 1
| #define HAVE_STDLIB_H 1
| #define HAVE_STRING_H 1
| #define HAVE_MEMORY_H 1
| #define HAVE_STRINGS_H 1
| #define HAVE_INTTYPES_H 1
| #define HAVE_STDINT_H 1
| #define HAVE_UNISTD_H 1
| #define HAVE_DLFCN_H 1
| #define LT_OBJDIR ".libs/"
| /* end confdefs.h.  */
| #include <ac_nonexistent.h>
configure:12395: result: g++ -E
configure:12415: g++ -E  conftest.cpp
configure:12415: $? = 0
configure:12429: g++ -E  conftest.cpp
conftest.cpp:23:10: fatal error: 'ac_nonexistent.h' file not found
#include <ac_nonexistent.h>
         ^
1 error generated.
configure:12429: $? = 1
configure: failed program was:
| /* confdefs.h */
| #define PACKAGE_NAME "mu"
| #define PACKAGE_TARNAME "mu"
| #define PACKAGE_VERSION "0.9.9.5"
| #define PACKAGE_STRING "mu 0.9.9.5"
| #define PACKAGE_BUGREPORT "http://code.google.com/p/mu0/issues/list"
| #define PACKAGE_URL ""
| #define PACKAGE "mu"
| #define VERSION "0.9.9.5"
| #define STDC_HEADERS 1
| #define HAVE_SYS_TYPES_H 1
| #define HAVE_SYS_STAT_H 1
| #define HAVE_STDLIB_H 1
| #define HAVE_STRING_H 1
| #define HAVE_MEMORY_H 1
| #define HAVE_STRINGS_H 1
| #define HAVE_INTTYPES_H 1
| #define HAVE_STDINT_H 1
| #define HAVE_UNISTD_H 1
| #define HAVE_DLFCN_H 1
| #define LT_OBJDIR ".libs/"
| /* end confdefs.h.  */
| #include <ac_nonexistent.h>
configure:12598: checking for ld used by g++
configure:12665: result: /Applications/Xcode.app/Contents/Developer/Toolchains/XcodeDefault.xctoolchain/usr/bin/ld
configure:12672: checking if the linker (/Applications/Xcode.app/Contents/Developer/Toolchains/XcodeDefault.xctoolchain/usr/bin/ld) is GNU ld
configure:12687: result: no
configure:12742: checking whether the g++ linker (/Applications/Xcode.app/Contents/Developer/Toolchains/XcodeDefault.xctoolchain/usr/bin/ld) supports shared libraries
configure:13747: result: yes
configure:13783: g++ -c -g -O2  conftest.cpp >&5
configure:13786: $? = 0
configure:14306: checking for g++ option to produce PIC
configure:14313: result: -fno-common -DPIC
configure:14321: checking if g++ PIC flag -fno-common -DPIC works
configure:14339: g++ -c -g -O2  -fno-common -DPIC -DPIC conftest.cpp >&5
configure:14343: $? = 0
configure:14356: result: yes
configure:14379: checking if g++ static flag -static works
configure:14407: result: no
configure:14419: checking if g++ supports -c -o file.o
configure:14440: g++ -c -g -O2  -o out/conftest2.o conftest.cpp >&5
configure:14444: $? = 0
configure:14466: result: yes
configure:14471: checking if g++ supports -c -o file.o
configure:14518: result: yes
configure:14548: checking whether the g++ linker (/Applications/Xcode.app/Contents/Developer/Toolchains/XcodeDefault.xctoolchain/usr/bin/ld) supports shared libraries
configure:14587: result: yes
configure:14728: checking dynamic linker characteristics
configure:15407: result: darwin14.1.0 dyld
configure:15460: checking how to hardcode library paths into programs
configure:15485: result: immediate
configure:15552: checking for gawk
configure:15579: result: awk
configure:15592: checking for sort
configure:15608: found /usr/bin/sort
configure:15619: result: sort
configure:15630: checking wordexp.h usability
configure:15630: gcc -c -g -O2  conftest.c >&5
configure:15630: $? = 0
configure:15630: result: yes
configure:15630: checking wordexp.h presence
configure:15630: gcc -E  conftest.c
configure:15630: $? = 0
configure:15630: result: yes
configure:15630: checking for wordexp.h
configure:15630: result: yes
configure:15649: checking for special C compiler options needed for large files
configure:15694: result: no
configure:15700: checking for _FILE_OFFSET_BITS value needed for large files
configure:15725: gcc -c -g -O2  conftest.c >&5
configure:15725: $? = 0
configure:15757: result: no
configure:15846: checking for makeinfo
configure:15862: found /usr/bin/makeinfo
configure:15874: result: yes
configure:15908: checking for emacs
configure:15938: result: no
configure:15908: checking for xemacs
configure:15938: result: no
configure:15959: checking where .elc files should go
configure:15988: result: ${datadir}/emacs/site-lisp
configure:16003: WARNING: emacs is too old to build mu4e (need emacs >= 23.x)
configure:16023: checking for dirent.h that defines DIR
configure:16042: gcc -c -g -O2  conftest.c >&5
configure:16042: $? = 0
configure:16050: result: yes
configure:16063: checking for library containing opendir
configure:16094: gcc -o conftest -g -O2   conftest.c  >&5
configure:16094: $? = 0
configure:16111: result: none required
configure:16184: checking for struct dirent.d_type
configure:16184: gcc -c -g -O2  conftest.c >&5
configure:16184: $? = 0
configure:16184: result: yes
configure:16232: checking for struct dirent.d_ino
configure:16232: gcc -c -g -O2  conftest.c >&5
configure:16232: $? = 0
configure:16232: result: yes
configure:16274: checking for memset
configure:16274: gcc -o conftest -g -O2   conftest.c  >&5
conftest.c:50:6: warning: incompatible redeclaration of library function 'memset' [-Wincompatible-library-redeclaration]
char memset ();
     ^
conftest.c:50:6: note: 'memset' is a builtin with type 'void *(void *, int, unsigned long)'
1 warning generated.
configure:16274: $? = 0
configure:16274: result: yes
configure:16274: checking for memcpy
configure:16274: gcc -o conftest -g -O2   conftest.c  >&5
conftest.c:51:6: warning: incompatible redeclaration of library function 'memcpy' [-Wincompatible-library-redeclaration]
char memcpy ();
     ^
conftest.c:51:6: note: 'memcpy' is a builtin with type 'void *(void *, const void *, unsigned long)'
1 warning generated.
configure:16274: $? = 0
configure:16274: result: yes
configure:16274: checking for realpath
configure:16274: gcc -o conftest -g -O2   conftest.c  >&5
configure:16274: $? = 0
configure:16274: result: yes
configure:16274: checking for setlocale
configure:16274: gcc -o conftest -g -O2   conftest.c  >&5
configure:16274: $? = 0
configure:16274: result: yes
configure:16274: checking for strerror
configure:16274: gcc -o conftest -g -O2   conftest.c  >&5
conftest.c:54:6: warning: incompatible redeclaration of library function 'strerror' [-Wincompatible-library-redeclaration]
char strerror ();
     ^
conftest.c:54:6: note: 'strerror' is a builtin with type 'char *(int)'
1 warning generated.
configure:16274: $? = 0
configure:16274: result: yes
configure:16274: checking for getpass
configure:16274: gcc -o conftest -g -O2   conftest.c  >&5
configure:16274: $? = 0
configure:16274: result: yes
configure:16287: checking for pkg-config
configure:16305: found /usr/local/bin/pkg-config
configure:16318: result: /usr/local/bin/pkg-config
configure:16446: checking pkg-config is at least version 0.9.0
configure:16449: result: yes
configure:16459: checking for GLIB
configure:16466: $PKG_CONFIG --exists --print-errors "glib-2.0 >= 2.24 gobject-2.0"
configure:16469: $? = 0
configure:16483: $PKG_CONFIG --exists --print-errors "glib-2.0 >= 2.24 gobject-2.0"
configure:16486: $? = 0
configure:16544: result: yes
configure:16554: checking for GIO
configure:16561: $PKG_CONFIG --exists --print-errors "gio-2.0"
configure:16564: $? = 0
configure:16578: $PKG_CONFIG --exists --print-errors "gio-2.0"
configure:16581: $? = 0
configure:16619: result: yes
configure:16630: checking for GMIME
configure:16637: $PKG_CONFIG --exists --print-errors "gmime-2.6"
configure:16640: $? = 0
configure:16654: $PKG_CONFIG --exists --print-errors "gmime-2.6"
configure:16657: $? = 0
configure:16695: result: yes
configure:16814: checking for xapian-config
configure:16830: found /usr/local/bin/xapian-config
configure:16842: result: xapian-config
configure:16909: checking for GTK
configure:16916: $PKG_CONFIG --exists --print-errors "gtk+-3.0"
Package gtk+-3.0 was not found in the pkg-config search path.
Perhaps you should add the directory containing `gtk+-3.0.pc'
to the PKG_CONFIG_PATH environment variable
No package 'gtk+-3.0' found
configure:16919: $? = 1
configure:16933: $PKG_CONFIG --exists --print-errors "gtk+-3.0"
Package gtk+-3.0 was not found in the pkg-config search path.
Perhaps you should add the directory containing `gtk+-3.0.pc'
to the PKG_CONFIG_PATH environment variable
No package 'gtk+-3.0' found
configure:16936: $? = 1
configure:16950: result: no
No package 'gtk+-3.0' found
configure:17002: checking for WEBKIT
configure:17009: $PKG_CONFIG --exists --print-errors "webkitgtk-3.0 >= 1.8.0"
Package webkitgtk-3.0 was not found in the pkg-config search path.
Perhaps you should add the directory containing `webkitgtk-3.0.pc'
to the PKG_CONFIG_PATH environment variable
No package 'webkitgtk-3.0' found
configure:17012: $? = 1
configure:17026: $PKG_CONFIG --exists --print-errors "webkitgtk-3.0 >= 1.8.0"
Package webkitgtk-3.0 was not found in the pkg-config search path.
Perhaps you should add the directory containing `webkitgtk-3.0.pc'
to the PKG_CONFIG_PATH environment variable
No package 'webkitgtk-3.0' found
configure:17029: $? = 1
configure:17043: result: no
No package 'webkitgtk-3.0' found
configure:17112: checking for GUILE
configure:17119: $PKG_CONFIG --exists --print-errors "guile-2.0"
Package guile-2.0 was not found in the pkg-config search path.
Perhaps you should add the directory containing `guile-2.0.pc'
to the PKG_CONFIG_PATH environment variable
No package 'guile-2.0' found
configure:17122: $? = 1
configure:17136: $PKG_CONFIG --exists --print-errors "guile-2.0"
Package guile-2.0 was not found in the pkg-config search path.
Perhaps you should add the directory containing `guile-2.0.pc'
to the PKG_CONFIG_PATH environment variable
No package 'guile-2.0' found
configure:17139: $? = 1
configure:17153: result: no
No package 'guile-2.0' found
configure:17321: checking for makeinfo
configure:17349: result: yes
configure:17373: checking for pmccabe
configure:17404: result: pmccabe
configure:17538: checking that generated files are newer than configure
configure:17544: result: done
configure:17607: creating ./config.status

## ---------------------- ##
## Running config.status. ##
## ---------------------- ##

This file was extended by mu config.status 0.9.9.5, which was
generated by GNU Autoconf 2.69.  Invocation command line was

  CONFIG_FILES    = 
  CONFIG_HEADERS  = 
  CONFIG_LINKS    = 
  CONFIG_COMMANDS = 
  $ ./config.status 

on nathan.local

config.status:1217: creating Makefile
config.status:1217: creating mu/Makefile
config.status:1217: creating mu/tests/Makefile
config.status:1217: creating lib/Makefile
config.status:1217: creating lib/doxyfile
config.status:1217: creating lib/tests/Makefile
config.status:1217: creating mu4e/Makefile
config.status:1217: creating mu4e/mu4e-meta.el
config.status:1217: creating mu4e/texi.texi
config.status:1217: creating guile/Makefile
config.status:1217: creating guile/texi.texi
config.status:1217: creating guile/mu/Makefile
config.status:1217: creating guile/examples/Makefile
config.status:1217: creating guile/tests/Makefile
config.status:1217: creating guile/scripts/Makefile
config.status:1217: creating toys/Makefile
config.status:1217: creating toys/mug/Makefile
config.status:1217: creating toys/msg2pdf/Makefile
config.status:1217: creating man/Makefile
config.status:1217: creating m4/Makefile
config.status:1217: creating contrib/Makefile
config.status:1217: creating config.h
config.status:1446: executing depfiles commands
config.status:1446: executing libtool commands

## ---------------- ##
## Cache variables. ##
## ---------------- ##

ac_cv_build=x86_64-apple-darwin14.1.0
ac_cv_c_compiler_gnu=yes
ac_cv_cxx_compiler_gnu=yes
ac_cv_env_CCC_set=
ac_cv_env_CCC_value=
ac_cv_env_CC_set=
ac_cv_env_CC_value=
ac_cv_env_CFLAGS_set=
ac_cv_env_CFLAGS_value=
ac_cv_env_CPPFLAGS_set=
ac_cv_env_CPPFLAGS_value=
ac_cv_env_CPP_set=
ac_cv_env_CPP_value=
ac_cv_env_CXXCPP_set=
ac_cv_env_CXXCPP_value=
ac_cv_env_CXXFLAGS_set=
ac_cv_env_CXXFLAGS_value=
ac_cv_env_CXX_set=
ac_cv_env_CXX_value=
ac_cv_env_EMACSLOADPATH_set=
ac_cv_env_EMACSLOADPATH_value=
ac_cv_env_EMACS_set=
ac_cv_env_EMACS_value=
ac_cv_env_GIO_CFLAGS_set=
ac_cv_env_GIO_CFLAGS_value=
ac_cv_env_GIO_LIBS_set=
ac_cv_env_GIO_LIBS_value=
ac_cv_env_GLIB_CFLAGS_set=
ac_cv_env_GLIB_CFLAGS_value=
ac_cv_env_GLIB_LIBS_set=
ac_cv_env_GLIB_LIBS_value=
ac_cv_env_GMIME_CFLAGS_set=
ac_cv_env_GMIME_CFLAGS_value=
ac_cv_env_GMIME_LIBS_set=
ac_cv_env_GMIME_LIBS_value=
ac_cv_env_GTK_CFLAGS_set=
ac_cv_env_GTK_CFLAGS_value=
ac_cv_env_GTK_LIBS_set=
ac_cv_env_GTK_LIBS_value=
ac_cv_env_GUILE_CFLAGS_set=
ac_cv_env_GUILE_CFLAGS_value=
ac_cv_env_GUILE_LIBS_set=
ac_cv_env_GUILE_LIBS_value=
ac_cv_env_LDFLAGS_set=
ac_cv_env_LDFLAGS_value=
ac_cv_env_LIBS_set=
ac_cv_env_LIBS_value=
ac_cv_env_PKG_CONFIG_LIBDIR_set=
ac_cv_env_PKG_CONFIG_LIBDIR_value=
ac_cv_env_PKG_CONFIG_PATH_set=
ac_cv_env_PKG_CONFIG_PATH_value=
ac_cv_env_PKG_CONFIG_set=
ac_cv_env_PKG_CONFIG_value=
ac_cv_env_WEBKIT_CFLAGS_set=
ac_cv_env_WEBKIT_CFLAGS_value=
ac_cv_env_WEBKIT_LIBS_set=
ac_cv_env_WEBKIT_LIBS_value=
ac_cv_env_build_alias_set=
ac_cv_env_build_alias_value=
ac_cv_env_host_alias_set=
ac_cv_env_host_alias_value=
ac_cv_env_target_alias_set=
ac_cv_env_target_alias_value=
ac_cv_func_getpass=yes
ac_cv_func_memcpy=yes
ac_cv_func_memset=yes
ac_cv_func_realpath=yes
ac_cv_func_setlocale=yes
ac_cv_func_strerror=yes
ac_cv_header_dirent_dirent_h=yes
ac_cv_header_dlfcn_h=yes
ac_cv_header_inttypes_h=yes
ac_cv_header_memory_h=yes
ac_cv_header_stdc=yes
ac_cv_header_stdint_h=yes
ac_cv_header_stdlib_h=yes
ac_cv_header_string_h=yes
ac_cv_header_strings_h=yes
ac_cv_header_sys_stat_h=yes
ac_cv_header_sys_types_h=yes
ac_cv_header_unistd_h=yes
ac_cv_header_wordexp_h=yes
ac_cv_host=x86_64-apple-darwin14.1.0
ac_cv_member_struct_dirent_d_ino=yes
ac_cv_member_struct_dirent_d_type=yes
ac_cv_objext=o
ac_cv_path_EGREP='/usr/bin/grep -E'
ac_cv_path_FGREP='/usr/bin/grep -F'
ac_cv_path_GREP=/usr/bin/grep
ac_cv_path_PKG_CONFIG=/usr/local/bin/pkg-config
ac_cv_path_PMCCABE=pmccabe
ac_cv_path_SED=/usr/bin/sed
ac_cv_path_install='/usr/bin/install -c'
ac_cv_prog_AWK=awk
ac_cv_prog_CPP='gcc -E'
ac_cv_prog_CXXCPP='g++ -E'
ac_cv_prog_SORT=sort
ac_cv_prog_XAPIAN_CONFIG=xapian-config
ac_cv_prog_ac_ct_AR=ar
ac_cv_prog_ac_ct_CC=gcc
ac_cv_prog_ac_ct_CXX=g++
ac_cv_prog_ac_ct_DSYMUTIL=dsymutil
ac_cv_prog_ac_ct_LIPO=lipo
ac_cv_prog_ac_ct_NMEDIT=nmedit
ac_cv_prog_ac_ct_OTOOL=otool
ac_cv_prog_ac_ct_RANLIB=ranlib
ac_cv_prog_ac_ct_STRIP=strip
ac_cv_prog_cc_c89=
ac_cv_prog_cc_c99=
ac_cv_prog_cc_g=yes
ac_cv_prog_cc_stdc=
ac_cv_prog_cxx_g=yes
ac_cv_prog_have_makeinfo=yes
ac_cv_prog_make_make_set=yes
ac_cv_search_opendir='none required'
ac_cv_sys_file_offset_bits=no
ac_cv_sys_largefile_CC=no
am_cv_CC_dependencies_compiler_type=gcc3
am_cv_CXX_dependencies_compiler_type=gcc3
am_cv_lispdir='${datadir}/emacs/site-lisp'
am_cv_make_support_nested_variables=yes
lt_cv_apple_cc_single_mod=yes
lt_cv_ar_at_file=no
lt_cv_deplibs_check_method=pass_all
lt_cv_file_magic_cmd='$MAGIC_CMD'
lt_cv_file_magic_test_file=
lt_cv_ld_exported_symbols_list=yes
lt_cv_ld_force_load=yes
lt_cv_ld_reload_flag=-r
lt_cv_nm_interface='BSD nm'
lt_cv_objdir=.libs
lt_cv_path_LD=/Applications/Xcode.app/Contents/Developer/Toolchains/XcodeDefault.xctoolchain/usr/bin/ld
lt_cv_path_LDCXX=/Applications/Xcode.app/Contents/Developer/Toolchains/XcodeDefault.xctoolchain/usr/bin/ld
lt_cv_path_NM=/usr/bin/nm
lt_cv_path_mainfest_tool=no
lt_cv_prog_compiler_c_o=yes
lt_cv_prog_compiler_c_o_CXX=yes
lt_cv_prog_compiler_pic='-fno-common -DPIC'
lt_cv_prog_compiler_pic_CXX='-fno-common -DPIC'
lt_cv_prog_compiler_pic_works=yes
lt_cv_prog_compiler_pic_works_CXX=yes
lt_cv_prog_compiler_rtti_exceptions=yes
lt_cv_prog_compiler_static_works=no
lt_cv_prog_compiler_static_works_CXX=no
lt_cv_prog_gnu_ld=no
lt_cv_prog_gnu_ldcxx=no
lt_cv_sharedlib_from_linklib_cmd='printf %s\n'
lt_cv_sys_global_symbol_pipe='sed -n -e '\''s/^.*[	 ]\([BCDEGRST][BCDEGRST]*\)[	 ][	 ]*_\([_A-Za-z][_A-Za-z0-9]*\)$/\1 _\2 \2/p'\'' | sed '\''/ __gnu_lto/d'\'''
lt_cv_sys_global_symbol_to_c_name_address='sed -n -e '\''s/^: \([^ ]*\)[ ]*$/  {\"\1\", (void *) 0},/p'\'' -e '\''s/^[BCDEGRST]* \([^ ]*\) \([^ ]*\)$/  {"\2", (void *) \&\2},/p'\'''
lt_cv_sys_global_symbol_to_c_name_address_lib_prefix='sed -n -e '\''s/^: \([^ ]*\)[ ]*$/  {\"\1\", (void *) 0},/p'\'' -e '\''s/^[BCDEGRST]* \([^ ]*\) \(lib[^ ]*\)$/  {"\2", (void *) \&\2},/p'\'' -e '\''s/^[BCDEGRST]* \([^ ]*\) \([^ ]*\)$/  {"lib\2", (void *) \&\2},/p'\'''
lt_cv_sys_global_symbol_to_cdecl='sed -n -e '\''s/^T .* \(.*\)$/extern int \1();/p'\'' -e '\''s/^[BCDEGRST]* .* \(.*\)$/extern char \1;/p'\'''
lt_cv_sys_max_cmd_len=196608
lt_cv_to_host_file_cmd=func_convert_file_noop
lt_cv_to_tool_file_cmd=func_convert_file_noop
pkg_cv_GIO_CFLAGS='-D_REENTRANT -I/usr/local/Cellar/glib/2.44.0/include/glib-2.0 -I/usr/local/Cellar/glib/2.44.0/lib/glib-2.0/include -I/usr/local/opt/gettext/include '
pkg_cv_GIO_LIBS='-L/usr/local/Cellar/glib/2.44.0/lib -L/usr/local/opt/gettext/lib -lgio-2.0 -lgobject-2.0 -lglib-2.0 -lintl '
pkg_cv_GLIB_CFLAGS='-I/usr/local/Cellar/glib/2.44.0/include/glib-2.0 -I/usr/local/Cellar/glib/2.44.0/lib/glib-2.0/include -I/usr/local/opt/gettext/include '
pkg_cv_GLIB_LIBS='-L/usr/local/Cellar/glib/2.44.0/lib -L/usr/local/opt/gettext/lib -lgobject-2.0 -lglib-2.0 -lintl '
pkg_cv_GMIME_CFLAGS='-D_REENTRANT -I/usr/local/Cellar/gmime/2.6.20/include/gmime-2.6 -I/usr/local/Cellar/glib/2.44.0/include/glib-2.0 -I/usr/local/Cellar/glib/2.44.0/lib/glib-2.0/include -I/usr/local/opt/gettext/include '
pkg_cv_GMIME_LIBS='-L/usr/local/Cellar/gmime/2.6.20/lib -L/usr/local/Cellar/glib/2.44.0/lib -L/usr/local/opt/gettext/lib -lgmime-2.6 -lgio-2.0 -lgobject-2.0 -lglib-2.0 -lintl '

## ----------------- ##
## Output variables. ##
## ----------------- ##

ACLOCAL='${SHELL} /Users/nathan/.emacs.d/custom-packages/mu4e/missing --run aclocal-1.12'
AMDEPBACKSLASH='\'
AMDEP_FALSE='#'
AMDEP_TRUE=''
AMTAR='$${TAR-tar}'
AM_BACKSLASH='\'
AM_DEFAULT_V='$(AM_DEFAULT_VERBOSITY)'
AM_DEFAULT_VERBOSITY='0'
AM_V='$(V)'
AR='ar'
AUTOCONF='${SHELL} /Users/nathan/.emacs.d/custom-packages/mu4e/missing --run autoconf'
AUTOHEADER='${SHELL} /Users/nathan/.emacs.d/custom-packages/mu4e/missing --run autoheader'
AUTOMAKE='${SHELL} /Users/nathan/.emacs.d/custom-packages/mu4e/missing --run automake-1.12'
AWK='awk'
BUILD_CRYPTO_FALSE='#'
BUILD_CRYPTO_TRUE=''
BUILD_GUILE_FALSE=''
BUILD_GUILE_TRUE='#'
BUILD_GUI_FALSE=''
BUILD_GUI_TRUE='#'
BUILD_MU4E_FALSE=''
BUILD_MU4E_TRUE='#'
CC='gcc'
CCDEPMODE='depmode=gcc3'
CFLAGS='-g -O2'
CPP='gcc -E'
CPPFLAGS=''
CXX='g++'
CXXCPP='g++ -E'
CXXDEPMODE='depmode=gcc3'
CXXFLAGS='-g -O2'
CYGPATH_W='echo'
DEFS='-DHAVE_CONFIG_H'
DEPDIR='.deps'
DLLTOOL='false'
DSYMUTIL='dsymutil'
DUMPBIN=''
ECHO_C='\c'
ECHO_N=''
ECHO_T=''
EGREP='/usr/bin/grep -E'
EMACS='no'
EMACSLOADPATH=''
EXEEXT=''
FGREP='/usr/bin/grep -F'
GIO_CFLAGS='-D_REENTRANT -I/usr/local/Cellar/glib/2.44.0/include/glib-2.0 -I/usr/local/Cellar/glib/2.44.0/lib/glib-2.0/include -I/usr/local/opt/gettext/include '
GIO_LIBS='-L/usr/local/Cellar/glib/2.44.0/lib -L/usr/local/opt/gettext/lib -lgio-2.0 -lgobject-2.0 -lglib-2.0 -lintl '
GLIB_CFLAGS='-I/usr/local/Cellar/glib/2.44.0/include/glib-2.0 -I/usr/local/Cellar/glib/2.44.0/lib/glib-2.0/include -I/usr/local/opt/gettext/include '
GLIB_LIBS='-L/usr/local/Cellar/glib/2.44.0/lib -L/usr/local/opt/gettext/lib -lgobject-2.0 -lglib-2.0 -lintl '
GMIME_CFLAGS='-D_REENTRANT -I/usr/local/Cellar/gmime/2.6.20/include/gmime-2.6 -I/usr/local/Cellar/glib/2.44.0/include/glib-2.0 -I/usr/local/Cellar/glib/2.44.0/lib/glib-2.0/include -I/usr/local/opt/gettext/include '
GMIME_LIBS='-L/usr/local/Cellar/gmime/2.6.20/lib -L/usr/local/Cellar/glib/2.44.0/lib -L/usr/local/opt/gettext/lib -lgmime-2.6 -lgio-2.0 -lgobject-2.0 -lglib-2.0 -lintl '
GREP='/usr/bin/grep'
GTK_CFLAGS=''
GTK_LIBS=''
GUILE_BINARY=''
GUILE_CFLAGS=''
GUILE_LIBS=''
GUILE_SITEDIR=''
GUILE_SNARF=''
HAVE_GTK_FALSE=''
HAVE_GTK_TRUE='#'
HAVE_MAKEINFO_FALSE='#'
HAVE_MAKEINFO_TRUE=''
HAVE_WEBKIT_FALSE=''
HAVE_WEBKIT_TRUE='#'
HAVE_XAPIAN_FALSE='#'
HAVE_XAPIAN_TRUE=''
INSTALL_DATA='${INSTALL} -m 644'
INSTALL_PROGRAM='${INSTALL}'
INSTALL_SCRIPT='${INSTALL}'
INSTALL_STRIP_PROGRAM='$(install_sh) -c -s'
LD='/Applications/Xcode.app/Contents/Developer/Toolchains/XcodeDefault.xctoolchain/usr/bin/ld'
LDFLAGS=''
LIBOBJS=''
LIBS=''
LIBTOOL='$(SHELL) $(top_builddir)/libtool'
LIPO='lipo'
LN_S='ln -s'
LTLIBOBJS=''
MAKEINFO='${SHELL} /Users/nathan/.emacs.d/custom-packages/mu4e/missing --run makeinfo'
MANIFEST_TOOL=':'
MKDIR_P='./install-sh -c -d'
NM='/usr/bin/nm'
NMEDIT='nmedit'
OBJDUMP='false'
OBJEXT='o'
OTOOL64=':'
OTOOL='otool'
PACKAGE='mu'
PACKAGE_BUGREPORT='http://code.google.com/p/mu0/issues/list'
PACKAGE_NAME='mu'
PACKAGE_STRING='mu 0.9.9.5'
PACKAGE_TARNAME='mu'
PACKAGE_URL=''
PACKAGE_VERSION='0.9.9.5'
PATH_SEPARATOR=':'
PKG_CONFIG='/usr/local/bin/pkg-config'
PKG_CONFIG_LIBDIR=''
PKG_CONFIG_PATH=''
PMCCABE='pmccabe'
RANLIB='ranlib'
SED='/usr/bin/sed'
SET_MAKE=''
SHELL='/bin/sh'
SORT='sort'
STRIP='strip'
VERSION='0.9.9.5'
WEBKIT_CFLAGS=''
WEBKIT_LIBS=''
XAPIAN_CONFIG='xapian-config'
XAPIAN_CXXFLAGS='-I/usr/local/Cellar/xapian/1.2.19/include'
XAPIAN_LIBS='-L/usr/local/Cellar/xapian/1.2.19/lib -lxapian -lz'
ac_ct_AR='ar'
ac_ct_CC='gcc'
ac_ct_CXX='g++'
ac_ct_DUMPBIN=''
am__EXEEXT_FALSE=''
am__EXEEXT_TRUE='#'
am__fastdepCC_FALSE='#'
am__fastdepCC_TRUE=''
am__fastdepCXX_FALSE='#'
am__fastdepCXX_TRUE=''
am__include='include'
am__isrc=''
am__leading_dot='.'
am__nodep='_no'
am__quote=''
am__tar='$${TAR-tar} chof - "$$tardir"'
am__untar='$${TAR-tar} xf -'
bindir='${exec_prefix}/bin'
build='x86_64-apple-darwin14.1.0'
build_alias=''
build_cpu='x86_64'
build_os='darwin14.1.0'
build_vendor='apple'
datadir='${datarootdir}'
datarootdir='${prefix}/share'
docdir='${datarootdir}/doc/${PACKAGE_TARNAME}'
dvidir='${docdir}'
exec_prefix='${prefix}'
have_makeinfo='yes'
host='x86_64-apple-darwin14.1.0'
host_alias=''
host_cpu='x86_64'
host_os='darwin14.1.0'
host_vendor='apple'
htmldir='${docdir}'
includedir='${prefix}/include'
infodir='${datarootdir}/info'
install_sh='${SHELL} /Users/nathan/.emacs.d/custom-packages/mu4e/install-sh'
libdir='${exec_prefix}/lib'
libexecdir='${exec_prefix}/libexec'
lispdir='${datadir}/emacs/site-lisp'
localedir='${datarootdir}/locale'
localstatedir='${prefix}/var'
mandir='${datarootdir}/man'
mkdir_p='$(MKDIR_P)'
oldincludedir='/usr/include'
pdfdir='${docdir}'
prefix='/usr/local'
program_transform_name='s,x,x,'
psdir='${docdir}'
sbindir='${exec_prefix}/sbin'
sharedstatedir='${prefix}/com'
sysconfdir='${prefix}/etc'
target_alias=''

## ----------- ##
## confdefs.h. ##
## ----------- ##

/* confdefs.h */
#define PACKAGE_NAME "mu"
#define PACKAGE_TARNAME "mu"
#define PACKAGE_VERSION "0.9.9.5"
#define PACKAGE_STRING "mu 0.9.9.5"
#define PACKAGE_BUGREPORT "http://code.google.com/p/mu0/issues/list"
#define PACKAGE_URL ""
#define PACKAGE "mu"
#define VERSION "0.9.9.5"
#define STDC_HEADERS 1
#define HAVE_SYS_TYPES_H 1
#define HAVE_SYS_STAT_H 1
#define HAVE_STDLIB_H 1
#define HAVE_STRING_H 1
#define HAVE_MEMORY_H 1
#define HAVE_STRINGS_H 1
#define HAVE_INTTYPES_H 1
#define HAVE_STDINT_H 1
#define HAVE_UNISTD_H 1
#define HAVE_DLFCN_H 1
#define LT_OBJDIR ".libs/"
#define HAVE_WORDEXP_H 1
#define HAVE_DIRENT_H 1
#define HAVE_STRUCT_DIRENT_D_TYPE 1
#define HAVE_STRUCT_DIRENT_D_INO 1
#define HAVE_MEMSET 1
#define HAVE_MEMCPY 1
#define HAVE_REALPATH 1
#define HAVE_SETLOCALE 1
#define HAVE_STRERROR 1
#define HAVE_GETPASS 1
#define BUILD_CRYPTO 1
#define MU_STORE_SCHEMA_VERSION "9.9"

configure: exit 0
